A51 MACRO ASSEMBLER  LAB6                                                                 05/21/2015 19:22:57 PAGE     1


MACRO ASSEMBLER A51 V8.00d
OBJECT MODULE PLACED IN lab6.OBJ
ASSEMBLER INVOKED BY: C:\Keil\C51\BIN\A51.EXE lab6.asm SET(SMALL) DEBUG EP

LOC  OBJ            LINE     SOURCE

                       1     $nomod51 
                       2     ;$include (reg517.inc) 
                +1     3     ;-------------------------------------------------------------------------------
                +1     4     ; Copyright 1995-1996 KEIL Software, Inc.
                +1     5     ; 80517 Processor Declarations
                +1     6     ;-------------------------------------------------------------------------------
                +1     7  +1 $save 
                +1   187  +1 $restore 
                +1   188     
                     189     
  FF2C               190     WR_CMD  EQU     0FF2CH                  ; zapisu komendy
  FF2D               191     WR_DAT  EQU             0FF2DH                  ; zapisu danych
  FF2E               192     RD_ST   EQU             0FF2EH                  ; odczytu stanu
  FF2F               193     RD_DAT  EQU     0FF2FH                  ; odczytu danych
0000                 194     ORG 0
0000                 195     main:
0000 12009C          196     LCALL   init_lcd
0003                 197     main_loop:
0003 120015          198     LCALL keyboard_check
0006 7400            199     MOV A, #0
0008 1200A7          200     LCALL lcdGoTo
000B E5F0            201     MOV A, B
000D 120099          202     LCALL zamien
0010 1200CC          203     LCALL wrDat
0013 80EE            204     JMP main_loop
0015                 205     keyboard_check:
                     206             ;ZEROWANIE diod
0015 7590FF          207             MOV P1, #11111111B
                     208             ;SPRAWDZANIE 1szego wiersza     
0018 75F87F          209             MOV P5, #01111111B
001B E5DB            210             MOV A, P7
001D B4F725          211             CJNE A, #0F7H, dwojka
0020 75F000          212             MOV B, #0
                     213             ;SPRAWDZANIE 2giego wiersza
0023                 214             check2nd:
0023 75F8BF          215             MOV P5, #10111111B              
0026 E5DB            216             MOV A, P7
0028 B4F728          217             CJNE A, #0F7H, piatka
002B 75F004          218             MOV B, #4
                     219             ;SPRAWDZANIE 3ciego wiersza
002E                 220             check3rd:
002E 75F8DF          221             MOV P5, #11011111B              
0031 E5DB            222             MOV A, P7       
0033 B4F72B          223             CJNE A, #0F7H, osemka
0036 75F008          224             MOV B, #8
                     225             ;SPRAWDZANIE 4tego wiersza
0039                 226             check4th:
0039 75F8EF          227             MOV P5, #11101111B                      
003C E5DB            228             MOV A, P7
003E B4F72E          229             CJNE A, #0F7H, zero
0041 75F00C          230             MOV B, #12
0044                 231             back:
0044 22              232             RET
                     233     
0045                 234     dwojka:
0045 B4FB04          235             CJNE A, #0FBH, trojka
0048 75F001          236             MOV B, #1
004B 22              237             RET
A51 MACRO ASSEMBLER  LAB6                                                                 05/21/2015 19:22:57 PAGE     2

004C                 238     trojka:
004C B4FD2E          239             CJNE A, #0FDH, litera_A
004F 75F002          240             MOV B, #2
0052 22              241             RET
0053                 242     piatka:
0053 B4FB04          243             CJNE A, #0FBH, szostka
0056 75F005          244             MOV B, #5
0059 22              245             RET
005A                 246     szostka:
005A B4FD27          247             CJNE A, #0FDH, litera_B
005D 75F006          248             MOV B, #6
0060 22              249             RET
0061                 250     osemka:
0061 B4FB04          251             CJNE A, #0FBH, dziewiatka
0064 75F009          252             MOV B, #9
0067 22              253             RET
0068                 254     dziewiatka:
0068 B4FD20          255             CJNE A, #0FDH, litera_C
006B 75F00A          256             MOV B, #10
006E 22              257             RET
006F                 258     zero:
006F B4FB04          259             CJNE A, #0FBH, hasz
0072 75F00D          260             MOV B, #13
0075 22              261             RET
0076                 262     hasz:
0076 B4FD19          263             CJNE A, #0FDH, litera_D
0079 75F00E          264             MOV B, #14
007C 22              265             RET
007D                 266     litera_A:
007D B4FEA3          267             CJNE A, #0FEH, check2nd
0080 75F003          268             MOV B, #3
0083 22              269             RET
0084                 270     litera_B:
0084 B4FEA7          271             CJNE A, #0FEH, check3rd
0087 75F007          272             MOV B, #7
008A 22              273             RET
008B                 274     litera_C:
008B B4FEAB          275             CJNE A, #0FEH, check4th
008E 75F00B          276             MOV B, #11
0091 22              277             RET
0092                 278     litera_D:
0092 B4FEAF          279             CJNE A, #0FEH, back
0095 75F00F          280             MOV B, #15
0098 22              281             RET
0099                 282     zamien:
0099 2430            283     ADD A, #'0'
009B 22              284     RET
                     285     ;---------------------------------------
                     286     ; INIT LCD
                     287     ;---------------------------------------
009C                 288     init_lcd:
009C 7438            289             MOV             A, #038H
009E 1200B9          290             LCALL   wrCmd
00A1 7401            291             MOV             A, #01H                 
00A3 1200B9          292             LCALL   wrCmd
00A6 22              293             RET
                     294     ;---------------------------------------
                     295     ; GOTO   A - POZYCJA KURSORA
                     296     ;---------------------------------------
00A7                 297     lcdGoTo:
00A7 D2E7            298             SETB    ACC.7                                   ; modyfikacja 7 bitu dla komendy 
                     299                                                                             ; set DD RAM ADDres
                             s
00A9 1200B0          300             LCALL   cBusy                                   ; zaczekanie, az wyswietlacz nei be
                             dzie zajety
00AC 1200B9          301             LCALL   wrCmd                                   ; wyslanie komendy
A51 MACRO ASSEMBLER  LAB6                                                                 05/21/2015 19:22:57 PAGE     3

00AF 22              302             RET
                     303     ;---------------------------------------
                     304     ; SPRAWDZENIE CZY ZAJETY
                     305     ;---------------------------------------
00B0                 306     cBusy:
00B0 C0E0            307             PUSH    ACC                                             ; zachowanie akumulatora
00B2                 308     cBusy_w:
00B2 E0              309             MOVX    A, @DPTR                                ; sprawdenie czy zajety przez
00B3 20E7FC          310             JB              ACC.7, cBusy_w                  ;  sprawdzenie 7 bitu stanu
00B6 D0E0            311             POP             ACC
00B8 22              312             RET
                     313     ;---------------------------------------
                     314     ; WYSLANIE KOMENDY        A - komenda
                     315     ;---------------------------------------
00B9                 316     wrCmd:
00B9 C082            317             PUSH    DPL                                             ; zachowanie dptr
00BB C083            318             PUSH    DPH
00BD 90FF2E          319             MOV             DPTR, #RD_ST                    ; RD_ST do dptr, by odczytac stan
00C0 1200B0          320             LCALL   cBusy                                   ; i sprawdzenie, czy zajety
00C3 90FF2C          321             MOV             DPTR, #WR_CMD                   ; WR_CMD do dptr
00C6 F0              322             MOVX    @DPTR, A                                ; komenda z akumulatora pod adres z
                              dptr
00C7 D083            323             POP             DPH
00C9 D082            324             POP             DPL
00CB 22              325             RET
                     326     ;---------------------------------------
                     327     ; WYSLANIE DANYCH         A - dane
                     328     ;---------------------------------------
00CC                 329     wrDat:
00CC C082            330             PUSH    DPL     
00CE C083            331             PUSH    DPH
00D0 90FF2E          332             MOV             DPTR, #RD_ST
00D3 1200B0          333             LCALL   cBusy
00D6 90FF2D          334             MOV             DPTR, #WR_DAT                   ; to samo, co powyzej, tylko zamias
                             t
00D9 F0              335             MOVX    @DPTR, A                                ; WR_CMD jest WR_DAT
00DA D083            336             POP             DPH
00DC D082            337             POP             DPL
00DE 22              338             RET
                     339     ;---------------------------------------
                     340     ; ODCZYT STANU    A - stan
                     341     ;---------------------------------------
00DF                 342     rdCmd:
00DF C0E0            343             PUSH    ACC                                             ; zachowanie akumulatora
00E1 90FF2E          344             MOV             DPTR, #RD_ST                    ; RD_ST do dptr
00E4 1200B0          345             LCALL   cBusy                                   ; sprawdzenie, czy zajety
00E7 D0E0            346             POP             ACC
00E9 90FF2E          347             MOV             DPTR, #RD_ST                    ; znów RD_ST
00EC E0              348             MOVX    A, @DPTR                                ; stan do akumulatora
00ED 22              349             RET
                     350     
                     351     END
                                     
A51 MACRO ASSEMBLER  LAB6                                                                 05/21/2015 19:22:57 PAGE     4

SYMBOL TABLE LISTING
------ ----- -------


N A M E             T Y P E  V A L U E   ATTRIBUTES

AC . . . . . . . .  B ADDR   00D0H.6 A   
ACC. . . . . . . .  D ADDR   00E0H   A   
ADCON0 . . . . . .  D ADDR   00D8H   A   
ADCON1 . . . . . .  D ADDR   00DCH   A   
ADDAT. . . . . . .  D ADDR   00D9H   A   
ADEX . . . . . . .  B ADDR   00D8H.5 A   
ADM. . . . . . . .  B ADDR   00D8H.3 A   
ARCON. . . . . . .  D ADDR   00EFH   A   
B. . . . . . . . .  D ADDR   00F0H   A   
BACK . . . . . . .  C ADDR   0044H   A   
BD . . . . . . . .  B ADDR   00D8H.7 A   
BSY. . . . . . . .  B ADDR   00D8H.4 A   
CBUSY. . . . . . .  C ADDR   00B0H   A   
CBUSY_W. . . . . .  C ADDR   00B2H   A   
CC4EN. . . . . . .  D ADDR   00C9H   A   
CCEN . . . . . . .  D ADDR   00C1H   A   
CCH1 . . . . . . .  D ADDR   00C3H   A   
CCH2 . . . . . . .  D ADDR   00C5H   A   
CCH3 . . . . . . .  D ADDR   00C7H   A   
CCH4 . . . . . . .  D ADDR   00CFH   A   
CCL1 . . . . . . .  D ADDR   00C2H   A   
CCL2 . . . . . . .  D ADDR   00C4H   A   
CCL3 . . . . . . .  D ADDR   00C6H   A   
CCL4 . . . . . . .  D ADDR   00CEH   A   
CHECK2ND . . . . .  C ADDR   0023H   A   
CHECK3RD . . . . .  C ADDR   002EH   A   
CHECK4TH . . . . .  C ADDR   0039H   A   
CLK. . . . . . . .  B ADDR   00D8H.6 A   
CMEN . . . . . . .  D ADDR   00F6H   A   
CMH0 . . . . . . .  D ADDR   00D3H   A   
CMH1 . . . . . . .  D ADDR   00D5H   A   
CMH2 . . . . . . .  D ADDR   00D7H   A   
CMH3 . . . . . . .  D ADDR   00E3H   A   
CMH4 . . . . . . .  D ADDR   00E5H   A   
CMH5 . . . . . . .  D ADDR   00E7H   A   
CMH6 . . . . . . .  D ADDR   00F3H   A   
CMH7 . . . . . . .  D ADDR   00F5H   A   
CML0 . . . . . . .  D ADDR   00D2H   A   
CML1 . . . . . . .  D ADDR   00D4H   A   
CML2 . . . . . . .  D ADDR   00D6H   A   
CML3 . . . . . . .  D ADDR   00E2H   A   
CML4 . . . . . . .  D ADDR   00E4H   A   
CML5 . . . . . . .  D ADDR   00E6H   A   
CML6 . . . . . . .  D ADDR   00F2H   A   
CML7 . . . . . . .  D ADDR   00F4H   A   
CMSEL. . . . . . .  D ADDR   00F7H   A   
CRCH . . . . . . .  D ADDR   00CBH   A   
CRCL . . . . . . .  D ADDR   00CAH   A   
CTCON. . . . . . .  D ADDR   00E1H   A   
CTRELH . . . . . .  D ADDR   00DFH   A   
CTRELL . . . . . .  D ADDR   00DEH   A   
CY . . . . . . . .  B ADDR   00D0H.7 A   
DAPR . . . . . . .  D ADDR   00DAH   A   
DPH. . . . . . . .  D ADDR   0083H   A   
DPL. . . . . . . .  D ADDR   0082H   A   
DPSEL. . . . . . .  D ADDR   0092H   A   
DWOJKA . . . . . .  C ADDR   0045H   A   
DZIEWIATKA . . . .  C ADDR   0068H   A   
EADC . . . . . . .  B ADDR   00B8H.0 A   
EAL. . . . . . . .  B ADDR   00A8H.7 A   
A51 MACRO ASSEMBLER  LAB6                                                                 05/21/2015 19:22:57 PAGE     5

ES . . . . . . . .  B ADDR   00A8H.4 A   
ET0. . . . . . . .  B ADDR   00A8H.1 A   
ET1. . . . . . . .  B ADDR   00A8H.3 A   
ET2. . . . . . . .  B ADDR   00A8H.5 A   
EX0. . . . . . . .  B ADDR   00A8H.0 A   
EX1. . . . . . . .  B ADDR   00A8H.2 A   
EX2. . . . . . . .  B ADDR   00B8H.1 A   
EX3. . . . . . . .  B ADDR   00B8H.2 A   
EX4. . . . . . . .  B ADDR   00B8H.3 A   
EX5. . . . . . . .  B ADDR   00B8H.4 A   
EX6. . . . . . . .  B ADDR   00B8H.5 A   
EXEN2. . . . . . .  B ADDR   00B8H.7 A   
EXF2 . . . . . . .  B ADDR   00C0H.7 A   
F0 . . . . . . . .  B ADDR   00D0H.5 A   
F1 . . . . . . . .  B ADDR   00D0H.1 A   
HASZ . . . . . . .  C ADDR   0076H   A   
I2FR . . . . . . .  B ADDR   00C8H.5 A   
I3FR . . . . . . .  B ADDR   00C8H.6 A   
IADC . . . . . . .  B ADDR   00C0H.0 A   
IE0. . . . . . . .  B ADDR   0088H.1 A   
IE1. . . . . . . .  B ADDR   0088H.3 A   
IEN0 . . . . . . .  D ADDR   00A8H   A   
IEN1 . . . . . . .  D ADDR   00B8H   A   
IEN2 . . . . . . .  D ADDR   009AH   A   
IEX2 . . . . . . .  B ADDR   00C0H.1 A   
IEX3 . . . . . . .  B ADDR   00C0H.2 A   
IEX4 . . . . . . .  B ADDR   00C0H.3 A   
IEX5 . . . . . . .  B ADDR   00C0H.4 A   
IEX6 . . . . . . .  B ADDR   00C0H.5 A   
INIT_LCD . . . . .  C ADDR   009CH   A   
INT0 . . . . . . .  B ADDR   00B0H.2 A   
INT1 . . . . . . .  B ADDR   00B0H.3 A   
IP0. . . . . . . .  D ADDR   00A9H   A   
IP1. . . . . . . .  D ADDR   00B9H   A   
IRCON. . . . . . .  D ADDR   00C0H   A   
IT0. . . . . . . .  B ADDR   0088H.0 A   
IT1. . . . . . . .  B ADDR   0088H.2 A   
KEYBOARD_CHECK . .  C ADDR   0015H   A   
LCDGOTO. . . . . .  C ADDR   00A7H   A   
LITERA_A . . . . .  C ADDR   007DH   A   
LITERA_B . . . . .  C ADDR   0084H   A   
LITERA_C . . . . .  C ADDR   008BH   A   
LITERA_D . . . . .  C ADDR   0092H   A   
MAIN . . . . . . .  C ADDR   0000H   A   
MAIN_LOOP. . . . .  C ADDR   0003H   A   
MD0. . . . . . . .  D ADDR   00E9H   A   
MD1. . . . . . . .  D ADDR   00EAH   A   
MD2. . . . . . . .  D ADDR   00EBH   A   
MD3. . . . . . . .  D ADDR   00ECH   A   
MD4. . . . . . . .  D ADDR   00EDH   A   
MD5. . . . . . . .  D ADDR   00EEH   A   
MX0. . . . . . . .  B ADDR   00D8H.0 A   
MX1. . . . . . . .  B ADDR   00D8H.1 A   
MX2. . . . . . . .  B ADDR   00D8H.2 A   
OSEMKA . . . . . .  C ADDR   0061H   A   
OV . . . . . . . .  B ADDR   00D0H.2 A   
P. . . . . . . . .  B ADDR   00D0H.0 A   
P0 . . . . . . . .  D ADDR   0080H   A   
P1 . . . . . . . .  D ADDR   0090H   A   
P2 . . . . . . . .  D ADDR   00A0H   A   
P3 . . . . . . . .  D ADDR   00B0H   A   
P4 . . . . . . . .  D ADDR   00E8H   A   
P5 . . . . . . . .  D ADDR   00F8H   A   
P6 . . . . . . . .  D ADDR   00FAH   A   
P7 . . . . . . . .  D ADDR   00DBH   A   
P8 . . . . . . . .  D ADDR   00DDH   A   
A51 MACRO ASSEMBLER  LAB6                                                                 05/21/2015 19:22:57 PAGE     6

PCON . . . . . . .  D ADDR   0087H   A   
PIATKA . . . . . .  C ADDR   0053H   A   
PSW. . . . . . . .  D ADDR   00D0H   A   
RB8. . . . . . . .  B ADDR   0098H.2 A   
RD . . . . . . . .  B ADDR   00B0H.7 A   
RDCMD. . . . . . .  C ADDR   00DFH   A   
RD_DAT . . . . . .  N NUMB   FF2FH   A   
RD_ST. . . . . . .  N NUMB   FF2EH   A   
REN. . . . . . . .  B ADDR   0098H.4 A   
RI . . . . . . . .  B ADDR   0098H.0 A   
RS0. . . . . . . .  B ADDR   00D0H.3 A   
RS1. . . . . . . .  B ADDR   00D0H.4 A   
RXD. . . . . . . .  B ADDR   00B0H.0 A   
S0BUF. . . . . . .  D ADDR   0099H   A   
S0CON. . . . . . .  D ADDR   0098H   A   
S1BUF. . . . . . .  D ADDR   009CH   A   
S1CON. . . . . . .  D ADDR   009BH   A   
S1REL. . . . . . .  D ADDR   009DH   A   
SM0. . . . . . . .  B ADDR   0098H.7 A   
SM1. . . . . . . .  B ADDR   0098H.6 A   
SM2. . . . . . . .  B ADDR   0098H.5 A   
SP . . . . . . . .  D ADDR   0081H   A   
SWDT . . . . . . .  B ADDR   00B8H.6 A   
SZOSTKA. . . . . .  C ADDR   005AH   A   
T0 . . . . . . . .  B ADDR   00B0H.4 A   
T1 . . . . . . . .  B ADDR   00B0H.5 A   
T2CM . . . . . . .  B ADDR   00C8H.2 A   
T2CON. . . . . . .  D ADDR   00C8H   A   
T2I0 . . . . . . .  B ADDR   00C8H.0 A   
T2I1 . . . . . . .  B ADDR   00C8H.1 A   
T2PS . . . . . . .  B ADDR   00C8H.7 A   
T2R0 . . . . . . .  B ADDR   00C8H.3 A   
T2R1 . . . . . . .  B ADDR   00C8H.4 A   
TB8. . . . . . . .  B ADDR   0098H.3 A   
TCON . . . . . . .  D ADDR   0088H   A   
TF0. . . . . . . .  B ADDR   0088H.5 A   
TF1. . . . . . . .  B ADDR   0088H.7 A   
TF2. . . . . . . .  B ADDR   00C0H.6 A   
TH0. . . . . . . .  D ADDR   008CH   A   
TH1. . . . . . . .  D ADDR   008DH   A   
TH2. . . . . . . .  D ADDR   00CDH   A   
TI . . . . . . . .  B ADDR   0098H.1 A   
TL0. . . . . . . .  D ADDR   008AH   A   
TL1. . . . . . . .  D ADDR   008BH   A   
TL2. . . . . . . .  D ADDR   00CCH   A   
TMOD . . . . . . .  D ADDR   0089H   A   
TR0. . . . . . . .  B ADDR   0088H.4 A   
TR1. . . . . . . .  B ADDR   0088H.6 A   
TROJKA . . . . . .  C ADDR   004CH   A   
TXD. . . . . . . .  B ADDR   00B0H.1 A   
WDT. . . . . . . .  B ADDR   00A8H.6 A   
WDTH . . . . . . .  D ADDR   0085H   A   
WDTL . . . . . . .  D ADDR   0084H   A   
WDTREL . . . . . .  D ADDR   0086H   A   
WR . . . . . . . .  B ADDR   00B0H.6 A   
WRCMD. . . . . . .  C ADDR   00B9H   A   
WRDAT. . . . . . .  C ADDR   00CCH   A   
WR_CMD . . . . . .  N NUMB   FF2CH   A   
WR_DAT . . . . . .  N NUMB   FF2DH   A   
ZAMIEN . . . . . .  C ADDR   0099H   A   
ZERO . . . . . . .  C ADDR   006FH   A   


REGISTER BANK(S) USED: 0 


ASSEMBLY COMPLETE.  0 WARNING(S), 0 ERROR(S)
A51 MACRO ASSEMBLER  LAB6                                                                 05/21/2015 19:22:57 PAGE     7

